Using pre-set license
Built from '2021.3/staging' branch; Version is '2021.3.0f1 (6eacc8284459) revision 7253192'; Using compiler version '192829333'; Build Type 'Release'
OS: 'Windows 11  (10.0.22000) 64bit Professional' Language: 'en' Physical Memory: 16335 MB
BatchMode: 1, IsHumanControllingUs: 0, StartBugReporterOnCrash: 0, Is64bit: 1, IsPro: 1

COMMAND LINE ARGUMENTS:
C:\Program Files\Unity\Hub\Editor\2021.3.0f1\Editor\Unity.exe
-adb2
-batchMode
-noUpm
-name
AssetImportWorker0
-projectPath
D:/Unity/Repos/LF/LF_Prototype
-logFile
Logs/AssetImportWorker0.log
-srvPort
49734
Successfully changed project path to: D:/Unity/Repos/LF/LF_Prototype
D:/Unity/Repos/LF/LF_Prototype
[UnityMemory] Configuration Parameters - Can be set up in boot.config
    "memorysetup-bucket-allocator-granularity=16"
    "memorysetup-bucket-allocator-bucket-count=8"
    "memorysetup-bucket-allocator-block-size=33554432"
    "memorysetup-bucket-allocator-block-count=8"
    "memorysetup-main-allocator-block-size=16777216"
    "memorysetup-thread-allocator-block-size=16777216"
    "memorysetup-gfx-main-allocator-block-size=16777216"
    "memorysetup-gfx-thread-allocator-block-size=16777216"
    "memorysetup-cache-allocator-block-size=4194304"
    "memorysetup-typetree-allocator-block-size=2097152"
    "memorysetup-profiler-bucket-allocator-granularity=16"
    "memorysetup-profiler-bucket-allocator-bucket-count=8"
    "memorysetup-profiler-bucket-allocator-block-size=33554432"
    "memorysetup-profiler-bucket-allocator-block-count=8"
    "memorysetup-profiler-allocator-block-size=16777216"
    "memorysetup-profiler-editor-allocator-block-size=1048576"
    "memorysetup-temp-allocator-size-main=16777216"
    "memorysetup-job-temp-allocator-block-size=2097152"
    "memorysetup-job-temp-allocator-block-size-background=1048576"
    "memorysetup-job-temp-allocator-reduction-small-platforms=262144"
    "memorysetup-temp-allocator-size-background-worker=32768"
    "memorysetup-temp-allocator-size-job-worker=262144"
    "memorysetup-temp-allocator-size-preload-manager=33554432"
    "memorysetup-temp-allocator-size-nav-mesh-worker=65536"
    "memorysetup-temp-allocator-size-audio-worker=65536"
    "memorysetup-temp-allocator-size-cloud-worker=32768"
    "memorysetup-temp-allocator-size-gi-baking-worker=262144"
    "memorysetup-temp-allocator-size-gfx=262144"
Refreshing native plugins compatible for Editor in 59.53 ms, found 1 plugins.
Preloading 0 native plugins for Editor in 0.00 ms.
Initialize engine version: 2021.3.0f1 (6eacc8284459)
[Subsystems] Discovering subsystems at path C:/Program Files/Unity/Hub/Editor/2021.3.0f1/Editor/Data/Resources/UnitySubsystems
[Subsystems] Discovering subsystems at path D:/Unity/Repos/LF/LF_Prototype/Assets
GfxDevice: creating device client; threaded=0; jobified=0
Direct3D:
    Version:  Direct3D 11.0 [level 11.1]
    Renderer: NVIDIA GeForce RTX 3070 (ID=0x2484)
    Vendor:   NVIDIA
    VRAM:     8043 MB
    Driver:   30.0.15.1259
Initialize mono
Mono path[0] = 'C:/Program Files/Unity/Hub/Editor/2021.3.0f1/Editor/Data/Managed'
Mono path[1] = 'C:/Program Files/Unity/Hub/Editor/2021.3.0f1/Editor/Data/MonoBleedingEdge/lib/mono/unityjit-win32'
Mono config path = 'C:/Program Files/Unity/Hub/Editor/2021.3.0f1/Editor/Data/MonoBleedingEdge/etc'
Using monoOptions --debugger-agent=transport=dt_socket,embedding=1,server=y,suspend=n,address=127.0.0.1:56232
Begin MonoManager ReloadAssembly
Registering precompiled unity dll's ...
Register platform support module: C:/Program Files/Unity/Hub/Editor/2021.3.0f1/Editor/Data/PlaybackEngines/WebGLSupport/UnityEditor.WebGL.Extensions.dll
Register platform support module: C:/Program Files/Unity/Hub/Editor/2021.3.0f1/Editor/Data/PlaybackEngines/WindowsStandaloneSupport/UnityEditor.WindowsStandalone.Extensions.dll
Registered in 0.004239 seconds.
Native extension for WindowsStandalone target not found
Native extension for WebGL target not found
Refreshing native plugins compatible for Editor in 65.88 ms, found 1 plugins.
Preloading 0 native plugins for Editor in 0.00 ms.
Mono: successfully reloaded assembly
- Completed reload, in  0.725 seconds
Domain Reload Profiling:
	ReloadAssembly (725ms)
		BeginReloadAssembly (84ms)
			ExecutionOrderSort (0ms)
			DisableScriptedObjects (0ms)
			BackupInstance (0ms)
			ReleaseScriptingObjects (0ms)
			CreateAndSetChildDomain (1ms)
		EndReloadAssembly (528ms)
			LoadAssemblies (82ms)
			RebuildTransferFunctionScriptingTraits (0ms)
			SetupTypeCache (106ms)
			ReleaseScriptCaches (0ms)
			RebuildScriptCaches (27ms)
			SetupLoadedEditorAssemblies (347ms)
				LogAssemblyErrors (0ms)
				InitializePlatformSupportModulesInManaged (9ms)
				SetLoadedEditorAssemblies (0ms)
				RefreshPlugins (66ms)
				BeforeProcessingInitializeOnLoad (1ms)
				ProcessInitializeOnLoadAttributes (218ms)
				ProcessInitializeOnLoadMethodAttributes (53ms)
				AfterProcessingInitializeOnLoad (0ms)
				EditorAssembliesLoaded (0ms)
			ExecutionOrderSort2 (0ms)
			AwakeInstancesAfterBackupRestoration (0ms)
Platform modules already initialized, skipping
Registering precompiled user dll's ...
Registered in 0.002435 seconds.
Begin MonoManager ReloadAssembly
Native extension for WindowsStandalone target not found
Native extension for WebGL target not found
Refreshing native plugins compatible for Editor in 64.86 ms, found 1 plugins.
Preloading 0 native plugins for Editor in 0.00 ms.
Mono: successfully reloaded assembly
- Completed reload, in  1.053 seconds
Domain Reload Profiling:
	ReloadAssembly (1054ms)
		BeginReloadAssembly (106ms)
			ExecutionOrderSort (0ms)
			DisableScriptedObjects (6ms)
			BackupInstance (0ms)
			ReleaseScriptingObjects (0ms)
			CreateAndSetChildDomain (20ms)
		EndReloadAssembly (832ms)
			LoadAssemblies (73ms)
			RebuildTransferFunctionScriptingTraits (0ms)
			SetupTypeCache (196ms)
			ReleaseScriptCaches (1ms)
			RebuildScriptCaches (64ms)
			SetupLoadedEditorAssemblies (455ms)
				LogAssemblyErrors (0ms)
				InitializePlatformSupportModulesInManaged (5ms)
				SetLoadedEditorAssemblies (0ms)
				RefreshPlugins (65ms)
				BeforeProcessingInitializeOnLoad (83ms)
				ProcessInitializeOnLoadAttributes (200ms)
				ProcessInitializeOnLoadMethodAttributes (97ms)
				AfterProcessingInitializeOnLoad (5ms)
				EditorAssembliesLoaded (0ms)
			ExecutionOrderSort2 (0ms)
			AwakeInstancesAfterBackupRestoration (6ms)
Platform modules already initialized, skipping
========================================================================
Worker process is ready to serve import requests
Launched and connected shader compiler UnityShaderCompiler.exe after 0.05 seconds
Refreshing native plugins compatible for Editor in 0.92 ms, found 1 plugins.
Preloading 0 native plugins for Editor in 0.00 ms.
Unloading 3532 Unused Serialized files (Serialized files now loaded: 0)
Unloading 40 unused Assets / (0.7 MB). Loaded Objects now: 4027.
Memory consumption went from 257.8 MB to 257.1 MB.
Total: 3.852000 ms (FindLiveObjects: 0.415500 ms CreateObjectMapping: 0.163000 ms MarkObjects: 2.943900 ms  DeleteObjects: 0.327900 ms)

AssetImportParameters requested are different than current active one (requested -> active):
  custom:video-decoder-ogg-theora: a1e56fd34408186e4bbccfd4996cb3dc -> 
  custom:container-muxer-webm: aa71ff27fc2769a1b78a27578f13a17b -> 
  custom:container-demuxer-webm: 4f35f7cbe854078d1ac9338744f61a02 -> 
  custom:video-encoder-webm-vp8: eb34c28f22e8b96e1ab97ce403110664 -> 
  custom:audio-encoder-webm-vorbis: bf7c407c2cedff20999df2af8eb42d56 -> 
  custom:framework-win-MediaFoundation: 216162199b28c13a410421893ffa2e32 -> 
  custom:container-demuxer-ogg: 62fdf1f143b41e24485cea50d1cbac27 -> 
  custom:video-decoder-webm-vp8: 9c59270c3fd7afecdb556c50c9e8de78 -> 
  custom:audio-decoder-ogg-vorbis: bf7c407c2cedff20999df2af8eb42d56 -> 
========================================================================
Received Import Request.
  Time since last request: 29223.075853 seconds.
  path: Assets/Materials/Shader Materials/SL1CK Palette Swap.mat
  artifactKey: Guid(bc0cd154ac4aa4c4eaa8a2ca3627c442) Importer(815301076,1909f56bfc062723c751e8b465ee728b)
Start importing Assets/Materials/Shader Materials/SL1CK Palette Swap.mat using Guid(bc0cd154ac4aa4c4eaa8a2ca3627c442) Importer(815301076,1909f56bfc062723c751e8b465ee728b)  -> (artifact id: 'e050600a448fdbbd1f558247dd65939e') in 0.272793 seconds 
========================================================================
Received Prepare
Registering precompiled user dll's ...
Registered in 0.002350 seconds.
Begin MonoManager ReloadAssembly
Native extension for WindowsStandalone target not found
Native extension for WebGL target not found
Refreshing native plugins compatible for Editor in 0.90 ms, found 1 plugins.
Preloading 0 native plugins for Editor in 0.00 ms.
Mono: successfully reloaded assembly
- Completed reload, in  0.995 seconds
Domain Reload Profiling:
	ReloadAssembly (996ms)
		BeginReloadAssembly (125ms)
			ExecutionOrderSort (0ms)
			DisableScriptedObjects (8ms)
			BackupInstance (0ms)
			ReleaseScriptingObjects (0ms)
			CreateAndSetChildDomain (30ms)
		EndReloadAssembly (776ms)
			LoadAssemblies (69ms)
			RebuildTransferFunctionScriptingTraits (0ms)
			SetupTypeCache (167ms)
			ReleaseScriptCaches (2ms)
			RebuildScriptCaches (48ms)
			SetupLoadedEditorAssemblies (399ms)
				LogAssemblyErrors (0ms)
				InitializePlatformSupportModulesInManaged (14ms)
				SetLoadedEditorAssemblies (1ms)
				RefreshPlugins (1ms)
				BeforeProcessingInitializeOnLoad (78ms)
				ProcessInitializeOnLoadAttributes (202ms)
				ProcessInitializeOnLoadMethodAttributes (97ms)
				AfterProcessingInitializeOnLoad (6ms)
				EditorAssembliesLoaded (0ms)
			ExecutionOrderSort2 (0ms)
			AwakeInstancesAfterBackupRestoration (18ms)
Platform modules already initialized, skipping
Refreshing native plugins compatible for Editor in 1.55 ms, found 1 plugins.
Preloading 0 native plugins for Editor in 0.00 ms.
Unloading 3403 Unused Serialized files (Serialized files now loaded: 0)
Unloading 16 unused Assets / (0.7 MB). Loaded Objects now: 4125.
Memory consumption went from 255.7 MB to 255.0 MB.
Total: 3.486200 ms (FindLiveObjects: 0.376700 ms CreateObjectMapping: 0.106900 ms MarkObjects: 2.677100 ms  DeleteObjects: 0.323800 ms)

AssetImportParameters requested are different than current active one (requested -> active):
  custom:video-decoder-ogg-theora: a1e56fd34408186e4bbccfd4996cb3dc -> 
  custom:container-muxer-webm: aa71ff27fc2769a1b78a27578f13a17b -> 
  custom:container-demuxer-webm: 4f35f7cbe854078d1ac9338744f61a02 -> 
  custom:video-encoder-webm-vp8: eb34c28f22e8b96e1ab97ce403110664 -> 
  custom:audio-encoder-webm-vorbis: bf7c407c2cedff20999df2af8eb42d56 -> 
  custom:framework-win-MediaFoundation: 216162199b28c13a410421893ffa2e32 -> 
  custom:container-demuxer-ogg: 62fdf1f143b41e24485cea50d1cbac27 -> 
  custom:video-decoder-webm-vp8: 9c59270c3fd7afecdb556c50c9e8de78 -> 
  custom:audio-decoder-ogg-vorbis: bf7c407c2cedff20999df2af8eb42d56 -> 
========================================================================
Received Prepare
Registering precompiled user dll's ...
Registered in 0.002198 seconds.
Begin MonoManager ReloadAssembly
Native extension for WindowsStandalone target not found
Native extension for WebGL target not found
Refreshing native plugins compatible for Editor in 0.80 ms, found 1 plugins.
Preloading 0 native plugins for Editor in 0.00 ms.
Mono: successfully reloaded assembly
- Completed reload, in  0.899 seconds
Domain Reload Profiling:
	ReloadAssembly (900ms)
		BeginReloadAssembly (108ms)
			ExecutionOrderSort (0ms)
			DisableScriptedObjects (6ms)
			BackupInstance (0ms)
			ReleaseScriptingObjects (0ms)
			CreateAndSetChildDomain (29ms)
		EndReloadAssembly (695ms)
			LoadAssemblies (67ms)
			RebuildTransferFunctionScriptingTraits (0ms)
			SetupTypeCache (178ms)
			ReleaseScriptCaches (2ms)
			RebuildScriptCaches (49ms)
			SetupLoadedEditorAssemblies (324ms)
				LogAssemblyErrors (0ms)
				InitializePlatformSupportModulesInManaged (11ms)
				SetLoadedEditorAssemblies (1ms)
				RefreshPlugins (1ms)
				BeforeProcessingInitializeOnLoad (63ms)
				ProcessInitializeOnLoadAttributes (164ms)
				ProcessInitializeOnLoadMethodAttributes (77ms)
				AfterProcessingInitializeOnLoad (6ms)
				EditorAssembliesLoaded (0ms)
			ExecutionOrderSort2 (0ms)
			AwakeInstancesAfterBackupRestoration (14ms)
Platform modules already initialized, skipping
Refreshing native plugins compatible for Editor in 1.34 ms, found 1 plugins.
Preloading 0 native plugins for Editor in 0.00 ms.
Unloading 3403 Unused Serialized files (Serialized files now loaded: 0)
Unloading 16 unused Assets / (0.7 MB). Loaded Objects now: 4140.
Memory consumption went from 255.6 MB to 254.9 MB.
Total: 4.394000 ms (FindLiveObjects: 0.425100 ms CreateObjectMapping: 0.126300 ms MarkObjects: 3.464700 ms  DeleteObjects: 0.376300 ms)

AssetImportParameters requested are different than current active one (requested -> active):
  custom:video-decoder-ogg-theora: a1e56fd34408186e4bbccfd4996cb3dc -> 
  custom:container-muxer-webm: aa71ff27fc2769a1b78a27578f13a17b -> 
  custom:container-demuxer-webm: 4f35f7cbe854078d1ac9338744f61a02 -> 
  custom:video-encoder-webm-vp8: eb34c28f22e8b96e1ab97ce403110664 -> 
  custom:audio-encoder-webm-vorbis: bf7c407c2cedff20999df2af8eb42d56 -> 
  custom:framework-win-MediaFoundation: 216162199b28c13a410421893ffa2e32 -> 
  custom:container-demuxer-ogg: 62fdf1f143b41e24485cea50d1cbac27 -> 
  custom:video-decoder-webm-vp8: 9c59270c3fd7afecdb556c50c9e8de78 -> 
  custom:audio-decoder-ogg-vorbis: bf7c407c2cedff20999df2af8eb42d56 -> 
========================================================================
Received Prepare
Registering precompiled user dll's ...
Registered in 0.001979 seconds.
Begin MonoManager ReloadAssembly
Native extension for WindowsStandalone target not found
Native extension for WebGL target not found
Refreshing native plugins compatible for Editor in 0.93 ms, found 1 plugins.
Preloading 0 native plugins for Editor in 0.00 ms.
Mono: successfully reloaded assembly
- Completed reload, in  0.964 seconds
Domain Reload Profiling:
	ReloadAssembly (965ms)
		BeginReloadAssembly (110ms)
			ExecutionOrderSort (0ms)
			DisableScriptedObjects (6ms)
			BackupInstance (0ms)
			ReleaseScriptingObjects (0ms)
			CreateAndSetChildDomain (30ms)
		EndReloadAssembly (767ms)
			LoadAssemblies (70ms)
			RebuildTransferFunctionScriptingTraits (0ms)
			SetupTypeCache (167ms)
			ReleaseScriptCaches (2ms)
			RebuildScriptCaches (50ms)
			SetupLoadedEditorAssemblies (384ms)
				LogAssemblyErrors (0ms)
				InitializePlatformSupportModulesInManaged (12ms)
				SetLoadedEditorAssemblies (0ms)
				RefreshPlugins (1ms)
				BeforeProcessingInitializeOnLoad (74ms)
				ProcessInitializeOnLoadAttributes (198ms)
				ProcessInitializeOnLoadMethodAttributes (93ms)
				AfterProcessingInitializeOnLoad (6ms)
				EditorAssembliesLoaded (0ms)
			ExecutionOrderSort2 (0ms)
			AwakeInstancesAfterBackupRestoration (16ms)
Platform modules already initialized, skipping
Refreshing native plugins compatible for Editor in 1.47 ms, found 1 plugins.
Preloading 0 native plugins for Editor in 0.00 ms.
Unloading 3403 Unused Serialized files (Serialized files now loaded: 0)
Unloading 16 unused Assets / (0.7 MB). Loaded Objects now: 4155.
Memory consumption went from 255.6 MB to 254.9 MB.
Total: 4.106500 ms (FindLiveObjects: 0.382600 ms CreateObjectMapping: 0.206400 ms MarkObjects: 3.133800 ms  DeleteObjects: 0.382700 ms)

AssetImportParameters requested are different than current active one (requested -> active):
  custom:video-decoder-ogg-theora: a1e56fd34408186e4bbccfd4996cb3dc -> 
  custom:container-muxer-webm: aa71ff27fc2769a1b78a27578f13a17b -> 
  custom:container-demuxer-webm: 4f35f7cbe854078d1ac9338744f61a02 -> 
  custom:video-encoder-webm-vp8: eb34c28f22e8b96e1ab97ce403110664 -> 
  custom:audio-encoder-webm-vorbis: bf7c407c2cedff20999df2af8eb42d56 -> 
  custom:framework-win-MediaFoundation: 216162199b28c13a410421893ffa2e32 -> 
  custom:container-demuxer-ogg: 62fdf1f143b41e24485cea50d1cbac27 -> 
  custom:video-decoder-webm-vp8: 9c59270c3fd7afecdb556c50c9e8de78 -> 
  custom:audio-decoder-ogg-vorbis: bf7c407c2cedff20999df2af8eb42d56 -> 
========================================================================
Received Import Request.
  Time since last request: 191.365909 seconds.
  path: Assets/Combo Prototype Assets/Animation
  artifactKey: Guid(659ae8a429f75044093ac6cd20c06116) Importer(815301076,1909f56bfc062723c751e8b465ee728b)
Start importing Assets/Combo Prototype Assets/Animation using Guid(659ae8a429f75044093ac6cd20c06116) Importer(815301076,1909f56bfc062723c751e8b465ee728b)  -> (artifact id: '7348e7e5c718ea93e5b2ba72a2bbe3fd') in 0.012248 seconds 
========================================================================
Received Import Request.
  Time since last request: 3.965622 seconds.
  path: Assets/Animation
  artifactKey: Guid(591f07d6d16daa54fb42df19faa2b85f) Importer(815301076,1909f56bfc062723c751e8b465ee728b)
Start importing Assets/Animation using Guid(591f07d6d16daa54fb42df19faa2b85f) Importer(815301076,1909f56bfc062723c751e8b465ee728b)  -> (artifact id: '91c7ab823b3d9495601d9e1d1cdca60d') in 0.002294 seconds 
========================================================================
Received Import Request.
  Time since last request: 3.447904 seconds.
  path: Assets/Animation/UI
  artifactKey: Guid(6702e62ff57ab4a47b1e46c6f81b2f80) Importer(815301076,1909f56bfc062723c751e8b465ee728b)
Start importing Assets/Animation/UI using Guid(6702e62ff57ab4a47b1e46c6f81b2f80) Importer(815301076,1909f56bfc062723c751e8b465ee728b)  -> (artifact id: '0727fbd670edae0f3db08adb8dd90a6e') in 0.005040 seconds 
========================================================================
Received Import Request.
  Time since last request: 7.138055 seconds.
  path: Assets/Animation/UI/Combo HUD
  artifactKey: Guid(bef17fa3d7500554ca5c0fccd427f554) Importer(815301076,1909f56bfc062723c751e8b465ee728b)
Start importing Assets/Animation/UI/Combo HUD using Guid(bef17fa3d7500554ca5c0fccd427f554) Importer(815301076,1909f56bfc062723c751e8b465ee728b)  -> (artifact id: 'ebf07c3f940e1c4cc6daa78b49b725a4') in 0.006183 seconds 
========================================================================
Received Import Request.
  Time since last request: 5.134765 seconds.
  path: Assets/Combo Prototype Assets/Animation/Combo UI AC.controller
  artifactKey: Guid(573412da8103fb44b9cbc5206650dc49) Importer(815301076,1909f56bfc062723c751e8b465ee728b)
Start importing Assets/Combo Prototype Assets/Animation/Combo UI AC.controller using Guid(573412da8103fb44b9cbc5206650dc49) Importer(815301076,1909f56bfc062723c751e8b465ee728b)  -> (artifact id: 'f196c7c9daa31837c3855142224dfca2') in 0.033774 seconds 
========================================================================
Received Import Request.
  Time since last request: 16.843621 seconds.
  path: Assets/Combo Prototype Assets/Prefabs
  artifactKey: Guid(4eb722cc1105d114d8fd3aff964e2fce) Importer(815301076,1909f56bfc062723c751e8b465ee728b)
Start importing Assets/Combo Prototype Assets/Prefabs using Guid(4eb722cc1105d114d8fd3aff964e2fce) Importer(815301076,1909f56bfc062723c751e8b465ee728b)  -> (artifact id: '5d064deddad5da01cc8851c4e1637e4b') in 0.005000 seconds 
========================================================================
Received Import Request.
  Time since last request: 2.995324 seconds.
  path: Assets/Combo Prototype Assets/Scenes
  artifactKey: Guid(d34579802dc123a4e87188912d132655) Importer(815301076,1909f56bfc062723c751e8b465ee728b)
Start importing Assets/Combo Prototype Assets/Scenes using Guid(d34579802dc123a4e87188912d132655) Importer(815301076,1909f56bfc062723c751e8b465ee728b)  -> (artifact id: '05f4967c81f3f13ff285a51a184fb715') in 0.006339 seconds 
========================================================================
Received Import Request.
  Time since last request: 12.542120 seconds.
  path: Assets/Combo Prototype Assets/Sprites
  artifactKey: Guid(76c34a6e3de61c84f972f9f7c2dfbe94) Importer(815301076,1909f56bfc062723c751e8b465ee728b)
Start importing Assets/Combo Prototype Assets/Sprites using Guid(76c34a6e3de61c84f972f9f7c2dfbe94) Importer(815301076,1909f56bfc062723c751e8b465ee728b)  -> (artifact id: 'e41e34ab7690f546d9aa9015d5372470') in 0.006143 seconds 
========================================================================
Received Import Request.
  Time since last request: 0.040534 seconds.
  path: Assets/Combo Prototype Assets/Sprites/Black square.png
  artifactKey: Guid(3fe32e8442727524f81c2fec4fd75b51) Importer(815301076,1909f56bfc062723c751e8b465ee728b)
Start importing Assets/Combo Prototype Assets/Sprites/Black square.png using Guid(3fe32e8442727524f81c2fec4fd75b51) Importer(815301076,1909f56bfc062723c751e8b465ee728b)  -> (artifact id: '2d934705decff3a2c5836e7bab8b4318') in 0.050321 seconds 
========================================================================
Received Import Request.
  Time since last request: 0.000025 seconds.
  path: Assets/Combo Prototype Assets/Sprites/Blue square.png
  artifactKey: Guid(d4d3dae773963d749880d03692ee24b5) Importer(815301076,1909f56bfc062723c751e8b465ee728b)
Start importing Assets/Combo Prototype Assets/Sprites/Blue square.png using Guid(d4d3dae773963d749880d03692ee24b5) Importer(815301076,1909f56bfc062723c751e8b465ee728b)  -> (artifact id: 'ca963de1173f9ac431b6ba9ebcdd7aa1') in 0.039568 seconds 
========================================================================
Received Import Request.
  Time since last request: 3.426261 seconds.
  path: Assets/Combo Prototype Assets/Tileset
  artifactKey: Guid(f94274f2279ad1647a55927ed9104164) Importer(815301076,1909f56bfc062723c751e8b465ee728b)
Start importing Assets/Combo Prototype Assets/Tileset using Guid(f94274f2279ad1647a55927ed9104164) Importer(815301076,1909f56bfc062723c751e8b465ee728b)  -> (artifact id: 'f10e77bb70b4730db09acd51b4af2f17') in 0.005284 seconds 
========================================================================
Received Import Request.
  Time since last request: 0.080859 seconds.
  path: Assets/Combo Prototype Assets/Tileset/Black square.asset
  artifactKey: Guid(437ebe7525d9f064c907072748e20281) Importer(815301076,1909f56bfc062723c751e8b465ee728b)
Start importing Assets/Combo Prototype Assets/Tileset/Black square.asset using Guid(437ebe7525d9f064c907072748e20281) Importer(815301076,1909f56bfc062723c751e8b465ee728b)  -> (artifact id: 'f1a4aae0c323fe4374c5b9d99c2512ab') in 0.013851 seconds 
========================================================================
Received Import Request.
  Time since last request: 0.000024 seconds.
  path: Assets/Combo Prototype Assets/Tileset/Blue square.asset
  artifactKey: Guid(5cc30287e1810014583aef6b226aa989) Importer(815301076,1909f56bfc062723c751e8b465ee728b)
Start importing Assets/Combo Prototype Assets/Tileset/Blue square.asset using Guid(5cc30287e1810014583aef6b226aa989) Importer(815301076,1909f56bfc062723c751e8b465ee728b)  -> (artifact id: '6aa8cbc809c9180941123e5425ef5eba') in 0.009744 seconds 
========================================================================
Received Import Request.
  Time since last request: 8.336027 seconds.
  path: Assets/Combo Prototype Assets/Thaleah_PixelFont
  artifactKey: Guid(3e2d51335f851194fa93bb4ffc899ac2) Importer(815301076,1909f56bfc062723c751e8b465ee728b)
Start importing Assets/Combo Prototype Assets/Thaleah_PixelFont using Guid(3e2d51335f851194fa93bb4ffc899ac2) Importer(815301076,1909f56bfc062723c751e8b465ee728b)  -> (artifact id: '9a35eabf0dd277de294c6c6d24302cbe') in 0.005408 seconds 
========================================================================
Received Import Request.
  Time since last request: 5.633181 seconds.
  path: Assets/Combo Prototype Assets/Fonts
  artifactKey: Guid(3e2d51335f851194fa93bb4ffc899ac2) Importer(815301076,1909f56bfc062723c751e8b465ee728b)
Start importing Assets/Combo Prototype Assets/Fonts using Guid(3e2d51335f851194fa93bb4ffc899ac2) Importer(815301076,1909f56bfc062723c751e8b465ee728b)  -> (artifact id: '8b85927d0741efe496300e702aa81678') in 0.005254 seconds 
========================================================================
Received Import Request.
  Time since last request: 11.192612 seconds.
  path: Assets/Combo Prototype Assets/Prefabs/Sample Enemy.prefab
  artifactKey: Guid(73077bd535ec5064fb40594a89f37aea) Importer(815301076,1909f56bfc062723c751e8b465ee728b)
Start importing Assets/Combo Prototype Assets/Prefabs/Sample Enemy.prefab using Guid(73077bd535ec5064fb40594a89f37aea) Importer(815301076,1909f56bfc062723c751e8b465ee728b)  -> (artifact id: '27990b819348b3ac3a73f2767ae35c9e') in 0.128752 seconds 
========================================================================
Received Import Request.
  Time since last request: 20.811804 seconds.
  path: Assets/Fonts/Materials
  artifactKey: Guid(5bbfc5203b36a9040838fe59081d4888) Importer(815301076,1909f56bfc062723c751e8b465ee728b)
Start importing Assets/Fonts/Materials using Guid(5bbfc5203b36a9040838fe59081d4888) Importer(815301076,1909f56bfc062723c751e8b465ee728b)  -> (artifact id: '4a0f11fd5c05853d7929e6b6ecea0cba') in 0.001998 seconds 
========================================================================
Received Import Request.
  Time since last request: 0.043067 seconds.
  path: Assets/Fonts/Materials/ThaleahFat.mat
  artifactKey: Guid(43d59b5c638b0664db55f3a4e4d130ef) Importer(815301076,1909f56bfc062723c751e8b465ee728b)
Start importing Assets/Fonts/Materials/ThaleahFat.mat using Guid(43d59b5c638b0664db55f3a4e4d130ef) Importer(815301076,1909f56bfc062723c751e8b465ee728b)  -> (artifact id: '79adecba873883e13e7c716637ae6421') in 0.022634 seconds 
========================================================================
Received Import Request.
  Time since last request: 10.911281 seconds.
  path: Assets/Prefabs/Dummy.prefab
  artifactKey: Guid(ea9ce921af023ff41941380e91934287) Importer(815301076,1909f56bfc062723c751e8b465ee728b)
Start importing Assets/Prefabs/Dummy.prefab using Guid(ea9ce921af023ff41941380e91934287) Importer(815301076,1909f56bfc062723c751e8b465ee728b)  -> (artifact id: '1af5557a3c08f0c43f0b9657d523b32a') in 0.049480 seconds 
========================================================================
Received Import Request.
  Time since last request: 1.391709 seconds.
  path: Assets/Prefabs/Combo Manager.prefab
  artifactKey: Guid(091a1a24bc3d2b0419620e785f92e847) Importer(815301076,1909f56bfc062723c751e8b465ee728b)
Start importing Assets/Prefabs/Combo Manager.prefab using Guid(091a1a24bc3d2b0419620e785f92e847) Importer(815301076,1909f56bfc062723c751e8b465ee728b)  -> (artifact id: '11e31e52f563b5303967d124aea695ff') in 0.004949 seconds 
========================================================================
Received Import Request.
  Time since last request: 25.418135 seconds.
  path: Assets/Prefabs/Cameras.prefab
  artifactKey: Guid(22d669c473ce01e459c8af1deba3934f) Importer(815301076,1909f56bfc062723c751e8b465ee728b)
Start importing Assets/Prefabs/Cameras.prefab using Guid(22d669c473ce01e459c8af1deba3934f) Importer(815301076,1909f56bfc062723c751e8b465ee728b)  -> (artifact id: 'c24f8bbfba38c25e5dfa6d740182b802') in 0.027532 seconds 
========================================================================
Received Prepare
Registering precompiled user dll's ...
Registered in 0.002516 seconds.
Begin MonoManager ReloadAssembly
Native extension for WindowsStandalone target not found
Native extension for WebGL target not found
Refreshing native plugins compatible for Editor in 0.81 ms, found 1 plugins.
Preloading 0 native plugins for Editor in 0.00 ms.
Mono: successfully reloaded assembly
- Completed reload, in  0.959 seconds
Domain Reload Profiling:
	ReloadAssembly (960ms)
		BeginReloadAssembly (127ms)
			ExecutionOrderSort (0ms)
			DisableScriptedObjects (7ms)
			BackupInstance (0ms)
			ReleaseScriptingObjects (0ms)
			CreateAndSetChildDomain (34ms)
		EndReloadAssembly (731ms)
			LoadAssemblies (83ms)
			RebuildTransferFunctionScriptingTraits (0ms)
			SetupTypeCache (187ms)
			ReleaseScriptCaches (2ms)
			RebuildScriptCaches (59ms)
			SetupLoadedEditorAssemblies (323ms)
				LogAssemblyErrors (0ms)
				InitializePlatformSupportModulesInManaged (11ms)
				SetLoadedEditorAssemblies (0ms)
				RefreshPlugins (1ms)
				BeforeProcessingInitializeOnLoad (60ms)
				ProcessInitializeOnLoadAttributes (167ms)
				ProcessInitializeOnLoadMethodAttributes (79ms)
				AfterProcessingInitializeOnLoad (5ms)
				EditorAssembliesLoaded (0ms)
			ExecutionOrderSort2 (0ms)
			AwakeInstancesAfterBackupRestoration (13ms)
Platform modules already initialized, skipping
Refreshing native plugins compatible for Editor in 1.40 ms, found 1 plugins.
Preloading 0 native plugins for Editor in 0.00 ms.
Unloading 3403 Unused Serialized files (Serialized files now loaded: 0)
Unloading 16 unused Assets / (0.7 MB). Loaded Objects now: 4216.
Memory consumption went from 256.0 MB to 255.3 MB.
Total: 3.885600 ms (FindLiveObjects: 0.423000 ms CreateObjectMapping: 0.096500 ms MarkObjects: 2.936400 ms  DeleteObjects: 0.428100 ms)

AssetImportParameters requested are different than current active one (requested -> active):
  custom:video-decoder-ogg-theora: a1e56fd34408186e4bbccfd4996cb3dc -> 
  custom:container-muxer-webm: aa71ff27fc2769a1b78a27578f13a17b -> 
  custom:container-demuxer-webm: 4f35f7cbe854078d1ac9338744f61a02 -> 
  custom:video-encoder-webm-vp8: eb34c28f22e8b96e1ab97ce403110664 -> 
  custom:audio-encoder-webm-vorbis: bf7c407c2cedff20999df2af8eb42d56 -> 
  custom:framework-win-MediaFoundation: 216162199b28c13a410421893ffa2e32 -> 
  custom:container-demuxer-ogg: 62fdf1f143b41e24485cea50d1cbac27 -> 
  custom:video-decoder-webm-vp8: 9c59270c3fd7afecdb556c50c9e8de78 -> 
  custom:audio-decoder-ogg-vorbis: bf7c407c2cedff20999df2af8eb42d56 -> 
========================================================================
Received Import Request.
  Time since last request: 146.780341 seconds.
  path: Assets/Scripts/Character
  artifactKey: Guid(5a83e29f1d631e84386d58cd9fab26fc) Importer(815301076,1909f56bfc062723c751e8b465ee728b)
Start importing Assets/Scripts/Character using Guid(5a83e29f1d631e84386d58cd9fab26fc) Importer(815301076,1909f56bfc062723c751e8b465ee728b)  -> (artifact id: '351f55837113dd316e1c6617b046560b') in 0.011231 seconds 
========================================================================
Received Import Request.
  Time since last request: 1.465191 seconds.
  path: Assets/Scripts/Character/DamageManager.cs
  artifactKey: Guid(f73048d7b813233438edfe45b0b916fe) Importer(815301076,1909f56bfc062723c751e8b465ee728b)
Start importing Assets/Scripts/Character/DamageManager.cs using Guid(f73048d7b813233438edfe45b0b916fe) Importer(815301076,1909f56bfc062723c751e8b465ee728b)  -> (artifact id: '84b1fa6083dfccea15230ec6a2746bee') in 0.006806 seconds 
========================================================================
Received Import Request.
  Time since last request: 4.439781 seconds.
  path: Assets/Scripts/Character/HurtManager.cs
  artifactKey: Guid(f73048d7b813233438edfe45b0b916fe) Importer(815301076,1909f56bfc062723c751e8b465ee728b)
Start importing Assets/Scripts/Character/HurtManager.cs using Guid(f73048d7b813233438edfe45b0b916fe) Importer(815301076,1909f56bfc062723c751e8b465ee728b)  -> (artifact id: 'b235a7ce7a8894ad71bd2e194faee05f') in 0.005596 seconds 
========================================================================
Received Prepare
Registering precompiled user dll's ...
Registered in 0.002205 seconds.
Begin MonoManager ReloadAssembly
Native extension for WindowsStandalone target not found
Native extension for WebGL target not found
Refreshing native plugins compatible for Editor in 0.81 ms, found 1 plugins.
Preloading 0 native plugins for Editor in 0.00 ms.
Mono: successfully reloaded assembly
- Completed reload, in  0.916 seconds
Domain Reload Profiling:
	ReloadAssembly (917ms)
		BeginReloadAssembly (109ms)
			ExecutionOrderSort (0ms)
			DisableScriptedObjects (7ms)
			BackupInstance (0ms)
			ReleaseScriptingObjects (0ms)
			CreateAndSetChildDomain (28ms)
		EndReloadAssembly (717ms)
			LoadAssemblies (70ms)
			RebuildTransferFunctionScriptingTraits (0ms)
			SetupTypeCache (170ms)
			ReleaseScriptCaches (2ms)
			RebuildScriptCaches (58ms)
			SetupLoadedEditorAssemblies (331ms)
				LogAssemblyErrors (0ms)
				InitializePlatformSupportModulesInManaged (12ms)
				SetLoadedEditorAssemblies (0ms)
				RefreshPlugins (1ms)
				BeforeProcessingInitializeOnLoad (60ms)
				ProcessInitializeOnLoadAttributes (174ms)
				ProcessInitializeOnLoadMethodAttributes (79ms)
				AfterProcessingInitializeOnLoad (5ms)
				EditorAssembliesLoaded (0ms)
			ExecutionOrderSort2 (0ms)
			AwakeInstancesAfterBackupRestoration (14ms)
Platform modules already initialized, skipping
Refreshing native plugins compatible for Editor in 1.49 ms, found 1 plugins.
Preloading 0 native plugins for Editor in 0.00 ms.
Unloading 3403 Unused Serialized files (Serialized files now loaded: 0)
Unloading 16 unused Assets / (0.7 MB). Loaded Objects now: 4231.
Memory consumption went from 255.9 MB to 255.2 MB.
Total: 3.951800 ms (FindLiveObjects: 0.419200 ms CreateObjectMapping: 0.095500 ms MarkObjects: 3.005800 ms  DeleteObjects: 0.429900 ms)

AssetImportParameters requested are different than current active one (requested -> active):
  custom:video-decoder-ogg-theora: a1e56fd34408186e4bbccfd4996cb3dc -> 
  custom:container-muxer-webm: aa71ff27fc2769a1b78a27578f13a17b -> 
  custom:container-demuxer-webm: 4f35f7cbe854078d1ac9338744f61a02 -> 
  custom:video-encoder-webm-vp8: eb34c28f22e8b96e1ab97ce403110664 -> 
  custom:audio-encoder-webm-vorbis: bf7c407c2cedff20999df2af8eb42d56 -> 
  custom:framework-win-MediaFoundation: 216162199b28c13a410421893ffa2e32 -> 
  custom:container-demuxer-ogg: 62fdf1f143b41e24485cea50d1cbac27 -> 
  custom:video-decoder-webm-vp8: 9c59270c3fd7afecdb556c50c9e8de78 -> 
  custom:audio-decoder-ogg-vorbis: bf7c407c2cedff20999df2af8eb42d56 -> 
========================================================================
Received Import Request.
  Time since last request: 9.448079 seconds.
  path: Assets/Scripts/Enemy Scripts/EnemyDamageManager.cs
  artifactKey: Guid(2c3ba5c6e93a03c4282b3f83eb9ff823) Importer(815301076,1909f56bfc062723c751e8b465ee728b)
Start importing Assets/Scripts/Enemy Scripts/EnemyDamageManager.cs using Guid(2c3ba5c6e93a03c4282b3f83eb9ff823) Importer(815301076,1909f56bfc062723c751e8b465ee728b)  -> (artifact id: '1f8b9d3a9be2e9d2a557ac88ec30e5a8') in 0.010584 seconds 
========================================================================
Received Import Request.
  Time since last request: 5.133829 seconds.
  path: Assets/Scripts/Enemy Scripts/EnemyHurtManager.cs
  artifactKey: Guid(2c3ba5c6e93a03c4282b3f83eb9ff823) Importer(815301076,1909f56bfc062723c751e8b465ee728b)
Start importing Assets/Scripts/Enemy Scripts/EnemyHurtManager.cs using Guid(2c3ba5c6e93a03c4282b3f83eb9ff823) Importer(815301076,1909f56bfc062723c751e8b465ee728b)  -> (artifact id: '0a8df429efcb0c93116cdc640bd04388') in 0.005910 seconds 
========================================================================
Received Prepare
Registering precompiled user dll's ...
Registered in 0.002275 seconds.
Begin MonoManager ReloadAssembly
Native extension for WindowsStandalone target not found
Native extension for WebGL target not found
Refreshing native plugins compatible for Editor in 0.78 ms, found 1 plugins.
Preloading 0 native plugins for Editor in 0.00 ms.
Mono: successfully reloaded assembly
- Completed reload, in  0.919 seconds
Domain Reload Profiling:
	ReloadAssembly (920ms)
		BeginReloadAssembly (110ms)
			ExecutionOrderSort (0ms)
			DisableScriptedObjects (6ms)
			BackupInstance (0ms)
			ReleaseScriptingObjects (0ms)
			CreateAndSetChildDomain (28ms)
		EndReloadAssembly (723ms)
			LoadAssemblies (68ms)
			RebuildTransferFunctionScriptingTraits (0ms)
			SetupTypeCache (174ms)
			ReleaseScriptCaches (2ms)
			RebuildScriptCaches (56ms)
			SetupLoadedEditorAssemblies (334ms)
				LogAssemblyErrors (0ms)
				InitializePlatformSupportModulesInManaged (12ms)
				SetLoadedEditorAssemblies (0ms)
				RefreshPlugins (1ms)
				BeforeProcessingInitializeOnLoad (63ms)
				ProcessInitializeOnLoadAttributes (175ms)
				ProcessInitializeOnLoadMethodAttributes (77ms)
				AfterProcessingInitializeOnLoad (5ms)
				EditorAssembliesLoaded (0ms)
			ExecutionOrderSort2 (0ms)
			AwakeInstancesAfterBackupRestoration (15ms)
Platform modules already initialized, skipping
Refreshing native plugins compatible for Editor in 1.31 ms, found 1 plugins.
Preloading 0 native plugins for Editor in 0.00 ms.
Unloading 3403 Unused Serialized files (Serialized files now loaded: 0)
Unloading 16 unused Assets / (0.7 MB). Loaded Objects now: 4246.
Memory consumption went from 255.9 MB to 255.2 MB.
Total: 3.397300 ms (FindLiveObjects: 0.351400 ms CreateObjectMapping: 0.095100 ms MarkObjects: 2.597400 ms  DeleteObjects: 0.352400 ms)

AssetImportParameters requested are different than current active one (requested -> active):
  custom:video-decoder-ogg-theora: a1e56fd34408186e4bbccfd4996cb3dc -> 
  custom:container-muxer-webm: aa71ff27fc2769a1b78a27578f13a17b -> 
  custom:container-demuxer-webm: 4f35f7cbe854078d1ac9338744f61a02 -> 
  custom:video-encoder-webm-vp8: eb34c28f22e8b96e1ab97ce403110664 -> 
  custom:audio-encoder-webm-vorbis: bf7c407c2cedff20999df2af8eb42d56 -> 
  custom:framework-win-MediaFoundation: 216162199b28c13a410421893ffa2e32 -> 
  custom:container-demuxer-ogg: 62fdf1f143b41e24485cea50d1cbac27 -> 
  custom:video-decoder-webm-vp8: 9c59270c3fd7afecdb556c50c9e8de78 -> 
  custom:audio-decoder-ogg-vorbis: bf7c407c2cedff20999df2af8eb42d56 -> 
========================================================================
Received Import Request.
  Time since last request: 7.291637 seconds.
  path: Assets/Scripts/Player Scripts/PlayerDamageManager.cs
  artifactKey: Guid(f438a9f66b679fc4fa07a3d9e7a08599) Importer(815301076,1909f56bfc062723c751e8b465ee728b)
Start importing Assets/Scripts/Player Scripts/PlayerDamageManager.cs using Guid(f438a9f66b679fc4fa07a3d9e7a08599) Importer(815301076,1909f56bfc062723c751e8b465ee728b)  -> (artifact id: 'a83e7b3094e2116834cccf0890ded7b0') in 0.011780 seconds 
========================================================================
Received Import Request.
  Time since last request: 4.556863 seconds.
  path: Assets/Scripts/Player Scripts/PlayerHurtManager.cs
  artifactKey: Guid(f438a9f66b679fc4fa07a3d9e7a08599) Importer(815301076,1909f56bfc062723c751e8b465ee728b)
Start importing Assets/Scripts/Player Scripts/PlayerHurtManager.cs using Guid(f438a9f66b679fc4fa07a3d9e7a08599) Importer(815301076,1909f56bfc062723c751e8b465ee728b)  -> (artifact id: '6af7d1f2cd1a9c0914950a8edd84d17f') in 0.005447 seconds 
========================================================================
Received Prepare
Registering precompiled user dll's ...
Registered in 0.003146 seconds.
Begin MonoManager ReloadAssembly
Native extension for WindowsStandalone target not found
Native extension for WebGL target not found
Refreshing native plugins compatible for Editor in 0.72 ms, found 1 plugins.
Preloading 0 native plugins for Editor in 0.00 ms.
Mono: successfully reloaded assembly
- Completed reload, in  0.870 seconds
Domain Reload Profiling:
	ReloadAssembly (871ms)
		BeginReloadAssembly (109ms)
			ExecutionOrderSort (0ms)
			DisableScriptedObjects (6ms)
			BackupInstance (0ms)
			ReleaseScriptingObjects (0ms)
			CreateAndSetChildDomain (30ms)
		EndReloadAssembly (676ms)
			LoadAssemblies (66ms)
			RebuildTransferFunctionScriptingTraits (0ms)
			SetupTypeCache (171ms)
			ReleaseScriptCaches (2ms)
			RebuildScriptCaches (43ms)
			SetupLoadedEditorAssemblies (322ms)
				LogAssemblyErrors (0ms)
				InitializePlatformSupportModulesInManaged (11ms)
				SetLoadedEditorAssemblies (0ms)
				RefreshPlugins (1ms)
				BeforeProcessingInitializeOnLoad (62ms)
				ProcessInitializeOnLoadAttributes (163ms)
				ProcessInitializeOnLoadMethodAttributes (80ms)
				AfterProcessingInitializeOnLoad (6ms)
				EditorAssembliesLoaded (0ms)
			ExecutionOrderSort2 (0ms)
			AwakeInstancesAfterBackupRestoration (14ms)
Platform modules already initialized, skipping
Refreshing native plugins compatible for Editor in 1.49 ms, found 1 plugins.
Preloading 0 native plugins for Editor in 0.00 ms.
Unloading 3403 Unused Serialized files (Serialized files now loaded: 0)
Unloading 16 unused Assets / (0.7 MB). Loaded Objects now: 4261.
Memory consumption went from 256.0 MB to 255.3 MB.
Total: 4.076100 ms (FindLiveObjects: 0.366000 ms CreateObjectMapping: 0.094700 ms MarkObjects: 3.186800 ms  DeleteObjects: 0.427300 ms)

AssetImportParameters requested are different than current active one (requested -> active):
  custom:video-decoder-ogg-theora: a1e56fd34408186e4bbccfd4996cb3dc -> 
  custom:container-muxer-webm: aa71ff27fc2769a1b78a27578f13a17b -> 
  custom:container-demuxer-webm: 4f35f7cbe854078d1ac9338744f61a02 -> 
  custom:video-encoder-webm-vp8: eb34c28f22e8b96e1ab97ce403110664 -> 
  custom:audio-encoder-webm-vorbis: bf7c407c2cedff20999df2af8eb42d56 -> 
  custom:framework-win-MediaFoundation: 216162199b28c13a410421893ffa2e32 -> 
  custom:container-demuxer-ogg: 62fdf1f143b41e24485cea50d1cbac27 -> 
  custom:video-decoder-webm-vp8: 9c59270c3fd7afecdb556c50c9e8de78 -> 
  custom:audio-decoder-ogg-vorbis: bf7c407c2cedff20999df2af8eb42d56 -> 
========================================================================
Received Prepare
Registering precompiled user dll's ...
Registered in 0.002587 seconds.
Begin MonoManager ReloadAssembly
Native extension for WindowsStandalone target not found
Native extension for WebGL target not found
Refreshing native plugins compatible for Editor in 0.79 ms, found 1 plugins.
Preloading 0 native plugins for Editor in 0.00 ms.
Mono: successfully reloaded assembly
- Completed reload, in  1.049 seconds
Domain Reload Profiling:
	ReloadAssembly (1050ms)
		BeginReloadAssembly (114ms)
			ExecutionOrderSort (0ms)
			DisableScriptedObjects (6ms)
			BackupInstance (0ms)
			ReleaseScriptingObjects (0ms)
			CreateAndSetChildDomain (28ms)
		EndReloadAssembly (841ms)
			LoadAssemblies (71ms)
			RebuildTransferFunctionScriptingTraits (0ms)
			SetupTypeCache (175ms)
			ReleaseScriptCaches (2ms)
			RebuildScriptCaches (49ms)
			SetupLoadedEditorAssemblies (475ms)
				LogAssemblyErrors (0ms)
				InitializePlatformSupportModulesInManaged (12ms)
				SetLoadedEditorAssemblies (0ms)
				RefreshPlugins (1ms)
				BeforeProcessingInitializeOnLoad (198ms)
				ProcessInitializeOnLoadAttributes (179ms)
				ProcessInitializeOnLoadMethodAttributes (79ms)
				AfterProcessingInitializeOnLoad (5ms)
				EditorAssembliesLoaded (0ms)
			ExecutionOrderSort2 (0ms)
			AwakeInstancesAfterBackupRestoration (14ms)
Platform modules already initialized, skipping
Refreshing native plugins compatible for Editor in 1.54 ms, found 1 plugins.
Preloading 0 native plugins for Editor in 0.00 ms.
Unloading 3403 Unused Serialized files (Serialized files now loaded: 0)
Unloading 16 unused Assets / (0.7 MB). Loaded Objects now: 4276.
Memory consumption went from 256.0 MB to 255.3 MB.
Total: 3.953900 ms (FindLiveObjects: 0.423400 ms CreateObjectMapping: 0.099300 ms MarkObjects: 3.058500 ms  DeleteObjects: 0.370900 ms)

AssetImportParameters requested are different than current active one (requested -> active):
  custom:video-decoder-ogg-theora: a1e56fd34408186e4bbccfd4996cb3dc -> 
  custom:container-muxer-webm: aa71ff27fc2769a1b78a27578f13a17b -> 
  custom:container-demuxer-webm: 4f35f7cbe854078d1ac9338744f61a02 -> 
  custom:video-encoder-webm-vp8: eb34c28f22e8b96e1ab97ce403110664 -> 
  custom:audio-encoder-webm-vorbis: bf7c407c2cedff20999df2af8eb42d56 -> 
  custom:framework-win-MediaFoundation: 216162199b28c13a410421893ffa2e32 -> 
  custom:container-demuxer-ogg: 62fdf1f143b41e24485cea50d1cbac27 -> 
  custom:video-decoder-webm-vp8: 9c59270c3fd7afecdb556c50c9e8de78 -> 
  custom:audio-decoder-ogg-vorbis: bf7c407c2cedff20999df2af8eb42d56 -> 
========================================================================
Received Prepare
Registering precompiled user dll's ...
Registered in 0.002494 seconds.
Begin MonoManager ReloadAssembly
Native extension for WindowsStandalone target not found
Native extension for WebGL target not found
Refreshing native plugins compatible for Editor in 1.00 ms, found 1 plugins.
Preloading 0 native plugins for Editor in 0.00 ms.
Mono: successfully reloaded assembly
- Completed reload, in  0.977 seconds
Domain Reload Profiling:
	ReloadAssembly (978ms)
		BeginReloadAssembly (110ms)
			ExecutionOrderSort (0ms)
			DisableScriptedObjects (6ms)
			BackupInstance (0ms)
			ReleaseScriptingObjects (0ms)
			CreateAndSetChildDomain (30ms)
		EndReloadAssembly (778ms)
			LoadAssemblies (67ms)
			RebuildTransferFunctionScriptingTraits (0ms)
			SetupTypeCache (176ms)
			ReleaseScriptCaches (2ms)
			RebuildScriptCaches (56ms)
			SetupLoadedEditorAssemblies (383ms)
				LogAssemblyErrors (0ms)
				InitializePlatformSupportModulesInManaged (14ms)
				SetLoadedEditorAssemblies (0ms)
				RefreshPlugins (1ms)
				BeforeProcessingInitializeOnLoad (71ms)
				ProcessInitializeOnLoadAttributes (198ms)
				ProcessInitializeOnLoadMethodAttributes (93ms)
				AfterProcessingInitializeOnLoad (6ms)
				EditorAssembliesLoaded (0ms)
			ExecutionOrderSort2 (0ms)
			AwakeInstancesAfterBackupRestoration (16ms)
Platform modules already initialized, skipping
Refreshing native plugins compatible for Editor in 1.71 ms, found 1 plugins.
Preloading 0 native plugins for Editor in 0.00 ms.
Unloading 3403 Unused Serialized files (Serialized files now loaded: 0)
Unloading 16 unused Assets / (0.7 MB). Loaded Objects now: 4291.
Memory consumption went from 256.0 MB to 255.3 MB.
Total: 4.337600 ms (FindLiveObjects: 0.411300 ms CreateObjectMapping: 0.096900 ms MarkObjects: 3.363500 ms  DeleteObjects: 0.464300 ms)

AssetImportParameters requested are different than current active one (requested -> active):
  custom:video-decoder-ogg-theora: a1e56fd34408186e4bbccfd4996cb3dc -> 
  custom:container-muxer-webm: aa71ff27fc2769a1b78a27578f13a17b -> 
  custom:container-demuxer-webm: 4f35f7cbe854078d1ac9338744f61a02 -> 
  custom:video-encoder-webm-vp8: eb34c28f22e8b96e1ab97ce403110664 -> 
  custom:audio-encoder-webm-vorbis: bf7c407c2cedff20999df2af8eb42d56 -> 
  custom:framework-win-MediaFoundation: 216162199b28c13a410421893ffa2e32 -> 
  custom:container-demuxer-ogg: 62fdf1f143b41e24485cea50d1cbac27 -> 
  custom:video-decoder-webm-vp8: 9c59270c3fd7afecdb556c50c9e8de78 -> 
  custom:audio-decoder-ogg-vorbis: bf7c407c2cedff20999df2af8eb42d56 -> 
========================================================================
Received Prepare
Registering precompiled user dll's ...
Registered in 0.002459 seconds.
Begin MonoManager ReloadAssembly
Native extension for WindowsStandalone target not found
Native extension for WebGL target not found
Refreshing native plugins compatible for Editor in 0.97 ms, found 1 plugins.
Preloading 0 native plugins for Editor in 0.00 ms.
Mono: successfully reloaded assembly
- Completed reload, in  0.953 seconds
Domain Reload Profiling:
	ReloadAssembly (954ms)
		BeginReloadAssembly (109ms)
			ExecutionOrderSort (0ms)
			DisableScriptedObjects (6ms)
			BackupInstance (0ms)
			ReleaseScriptingObjects (0ms)
			CreateAndSetChildDomain (29ms)
		EndReloadAssembly (750ms)
			LoadAssemblies (65ms)
			RebuildTransferFunctionScriptingTraits (0ms)
			SetupTypeCache (169ms)
			ReleaseScriptCaches (2ms)
			RebuildScriptCaches (51ms)
			SetupLoadedEditorAssemblies (375ms)
				LogAssemblyErrors (0ms)
				InitializePlatformSupportModulesInManaged (13ms)
				SetLoadedEditorAssemblies (0ms)
				RefreshPlugins (1ms)
				BeforeProcessingInitializeOnLoad (70ms)
				ProcessInitializeOnLoadAttributes (196ms)
				ProcessInitializeOnLoadMethodAttributes (90ms)
				AfterProcessingInitializeOnLoad (6ms)
				EditorAssembliesLoaded (0ms)
			ExecutionOrderSort2 (0ms)
			AwakeInstancesAfterBackupRestoration (15ms)
Platform modules already initialized, skipping
Refreshing native plugins compatible for Editor in 1.59 ms, found 1 plugins.
Preloading 0 native plugins for Editor in 0.00 ms.
Unloading 3403 Unused Serialized files (Serialized files now loaded: 0)
Unloading 16 unused Assets / (0.7 MB). Loaded Objects now: 4306.
Memory consumption went from 256.0 MB to 255.3 MB.
Total: 4.056900 ms (FindLiveObjects: 0.477100 ms CreateObjectMapping: 0.210100 ms MarkObjects: 2.984800 ms  DeleteObjects: 0.383300 ms)

AssetImportParameters requested are different than current active one (requested -> active):
  custom:video-decoder-ogg-theora: a1e56fd34408186e4bbccfd4996cb3dc -> 
  custom:container-muxer-webm: aa71ff27fc2769a1b78a27578f13a17b -> 
  custom:container-demuxer-webm: 4f35f7cbe854078d1ac9338744f61a02 -> 
  custom:video-encoder-webm-vp8: eb34c28f22e8b96e1ab97ce403110664 -> 
  custom:audio-encoder-webm-vorbis: bf7c407c2cedff20999df2af8eb42d56 -> 
  custom:framework-win-MediaFoundation: 216162199b28c13a410421893ffa2e32 -> 
  custom:container-demuxer-ogg: 62fdf1f143b41e24485cea50d1cbac27 -> 
  custom:video-decoder-webm-vp8: 9c59270c3fd7afecdb556c50c9e8de78 -> 
  custom:audio-decoder-ogg-vorbis: bf7c407c2cedff20999df2af8eb42d56 -> 
========================================================================
Received Import Request.
  Time since last request: 648.592786 seconds.
  path: Assets/Data/Melee Data/SL1CK/Forward Launch Data.asset
  artifactKey: Guid(aad07c4e6a1c3294e9533c662f1d6ea7) Importer(815301076,1909f56bfc062723c751e8b465ee728b)
Start importing Assets/Data/Melee Data/SL1CK/Forward Launch Data.asset using Guid(aad07c4e6a1c3294e9533c662f1d6ea7) Importer(815301076,1909f56bfc062723c751e8b465ee728b)  -> (artifact id: 'd2af3d443b54880c523f92768e7e50d4') in 0.084818 seconds 
========================================================================
Received Import Request.
  Time since last request: 0.000029 seconds.
  path: Assets/Data/Melee Data/SL1CK/Swipe Data.asset
  artifactKey: Guid(de845a0354515b547bb144e26592f97f) Importer(815301076,1909f56bfc062723c751e8b465ee728b)
Start importing Assets/Data/Melee Data/SL1CK/Swipe Data.asset using Guid(de845a0354515b547bb144e26592f97f) Importer(815301076,1909f56bfc062723c751e8b465ee728b)  -> (artifact id: 'a069fd7b3eaacb6f11cc9c4432d881b5') in 0.005566 seconds 
========================================================================
Received Import Request.
  Time since last request: 0.000038 seconds.
  path: Assets/Data/Melee Data/SL1CK/Rapid Data.asset
  artifactKey: Guid(d37df8bf25599804b87deb9a4b234e57) Importer(815301076,1909f56bfc062723c751e8b465ee728b)
Start importing Assets/Data/Melee Data/SL1CK/Rapid Data.asset using Guid(d37df8bf25599804b87deb9a4b234e57) Importer(815301076,1909f56bfc062723c751e8b465ee728b)  -> (artifact id: '6342cab81ca943f6b5929ebc915bee40') in 0.002690 seconds 
========================================================================
Received Prepare
Registering precompiled user dll's ...
Registered in 0.003253 seconds.
Begin MonoManager ReloadAssembly
Native extension for WindowsStandalone target not found
Native extension for WebGL target not found
Refreshing native plugins compatible for Editor in 1.07 ms, found 1 plugins.
Preloading 0 native plugins for Editor in 0.00 ms.
Mono: successfully reloaded assembly
- Completed reload, in  1.009 seconds
Domain Reload Profiling:
	ReloadAssembly (1010ms)
		BeginReloadAssembly (122ms)
			ExecutionOrderSort (0ms)
			DisableScriptedObjects (6ms)
			BackupInstance (0ms)
			ReleaseScriptingObjects (0ms)
			CreateAndSetChildDomain (37ms)
		EndReloadAssembly (797ms)
			LoadAssemblies (76ms)
			RebuildTransferFunctionScriptingTraits (0ms)
			SetupTypeCache (173ms)
			ReleaseScriptCaches (2ms)
			RebuildScriptCaches (44ms)
			SetupLoadedEditorAssemblies (416ms)
				LogAssemblyErrors (0ms)
				InitializePlatformSupportModulesInManaged (13ms)
				SetLoadedEditorAssemblies (0ms)
				RefreshPlugins (1ms)
				BeforeProcessingInitializeOnLoad (73ms)
				ProcessInitializeOnLoadAttributes (221ms)
				ProcessInitializeOnLoadMethodAttributes (101ms)
				AfterProcessingInitializeOnLoad (6ms)
				EditorAssembliesLoaded (0ms)
			ExecutionOrderSort2 (0ms)
			AwakeInstancesAfterBackupRestoration (17ms)
Platform modules already initialized, skipping
Refreshing native plugins compatible for Editor in 2.40 ms, found 1 plugins.
Preloading 0 native plugins for Editor in 0.00 ms.
Unloading 3403 Unused Serialized files (Serialized files now loaded: 0)
Unloading 16 unused Assets / (0.7 MB). Loaded Objects now: 4321.
Memory consumption went from 256.0 MB to 255.3 MB.
Total: 6.380600 ms (FindLiveObjects: 0.673900 ms CreateObjectMapping: 0.145200 ms MarkObjects: 4.983400 ms  DeleteObjects: 0.576100 ms)

AssetImportParameters requested are different than current active one (requested -> active):
  custom:video-decoder-ogg-theora: a1e56fd34408186e4bbccfd4996cb3dc -> 
  custom:container-muxer-webm: aa71ff27fc2769a1b78a27578f13a17b -> 
  custom:container-demuxer-webm: 4f35f7cbe854078d1ac9338744f61a02 -> 
  custom:video-encoder-webm-vp8: eb34c28f22e8b96e1ab97ce403110664 -> 
  custom:audio-encoder-webm-vorbis: bf7c407c2cedff20999df2af8eb42d56 -> 
  custom:framework-win-MediaFoundation: 216162199b28c13a410421893ffa2e32 -> 
  custom:container-demuxer-ogg: 62fdf1f143b41e24485cea50d1cbac27 -> 
  custom:video-decoder-webm-vp8: 9c59270c3fd7afecdb556c50c9e8de78 -> 
  custom:audio-decoder-ogg-vorbis: bf7c407c2cedff20999df2af8eb42d56 -> 
Editor requested this worker to shutdown with reason: Scaling down because of idle timeout
AssetImportWorker is now disconnected from the server
Process exiting
Exiting without the bug reporter. Application will terminate with return code 0